<?xml version="1.0" encoding="UTF-8"?>
<testsuite xmlns:xsi="http://www.w3.org/2001/XMLSchema-instance" xsi:noNamespaceSchemaLocation="https://maven.apache.org/surefire/maven-surefire-plugin/xsd/surefire-test-report.xsd" version="3.0.2" name="com.example.TeacherTest" time="0.238" tests="1" errors="0" skipped="0" failures="0">
  <properties>
[...]
</properties>
  <testcase name="testDeleteByIds" classname="com.example.TeacherTest" time="0.222">
    <system-out><![CDATA[Logging initialized using 'class org.apache.ibatis.logging.stdout.StdOutImpl' adapter.
Class not found: org.jboss.vfs.VFS
JBoss 6 VFS API is not available in this environment.
Class not found: org.jboss.vfs.VirtualFile
VFS implementation org.apache.ibatis.io.JBoss6VFS is not valid in this environment.
Using VFS adapter org.apache.ibatis.io.DefaultVFS
Find JAR URL: file:/Users/caspian/mybatis/day05/target/classes/com/example/pojo
Not a JAR: file:/Users/caspian/mybatis/day05/target/classes/com/example/pojo
Reader entry: Teacher.class
Listing file:/Users/caspian/mybatis/day05/target/classes/com/example/pojo
Find JAR URL: file:/Users/caspian/mybatis/day05/target/classes/com/example/pojo/Teacher.class
Not a JAR: file:/Users/caspian/mybatis/day05/target/classes/com/example/pojo/Teacher.class
Reader entry: ����&amp#0;&amp#0;&amp#0;4&amp#0;Q
Checking to see if class com.example.pojo.Teacher matches criteria [is assignable to Object]
PooledDataSource forcefully closed/removed all connections.
PooledDataSource forcefully closed/removed all connections.
PooledDataSource forcefully closed/removed all connections.
PooledDataSource forcefully closed/removed all connections.
Find JAR URL: file:/Users/caspian/mybatis/day05/target/classes/com/example/mapper
Not a JAR: file:/Users/caspian/mybatis/day05/target/classes/com/example/mapper
Reader entry: TeacherMapper.class
Reader entry: TeacherMapper.xml
Listing file:/Users/caspian/mybatis/day05/target/classes/com/example/mapper
Find JAR URL: file:/Users/caspian/mybatis/day05/target/classes/com/example/mapper/TeacherMapper.class
Not a JAR: file:/Users/caspian/mybatis/day05/target/classes/com/example/mapper/TeacherMapper.class
Reader entry: ����&amp#0;&amp#0;&amp#0;4&amp#0;!&amp#7;&amp#0;&amp#2;&amp#1;&amp#0; com/example/mapper/TeacherMapper&amp#7;&amp#0;&amp#4;&amp#1;&amp#0;&amp#16;java/lang/Object&amp#1;&amp#0;&amp#11;batchInsert&amp#1;&amp#0;&amp#19;(Ljava/util/List;)I&amp#1;&amp#0;	Signature&amp#1;&amp#0;/(Ljava/util/List<Lcom/example/pojo/Teacher;>;)I&amp#1;&amp#0;&amp#12;findByCities&amp#1;&amp#0;"(Ljava/util/List;)Ljava/util/List;&amp#1;&amp#0;R(Ljava/util/List<Ljava/lang/String;>;)Ljava/util/List<Lcom/example/pojo/Teacher;>;&amp#1;&amp#0;"RuntimeVisibleParameterAnnotations&amp#1;&amp#0;%Lorg/apache/ibatis/annotations/Param;&amp#1;&amp#0;&amp#5;value&amp#1;&amp#0;&amp#6;cities&amp#1;&amp#0;&amp#17;avgSalByProvinces&amp#1;&amp#0;$(Ljava/util/List;)Ljava/lang/Double;&amp#1;&amp#0;8(Ljava/util/List<Ljava/lang/String;>;)Ljava/lang/Double;&amp#1;&amp#0;	provinces&amp#1;&amp#0;&amp#12;updateByCity&amp#1;&amp#0;:(Ljava/lang/String;Ljava/lang/Integer;Ljava/lang/String;)I&amp#1;&amp#0;&amp#4;city&amp#1;&amp#0;&amp#3;sal&amp#1;&amp#0;&amp#3;job&amp#1;&amp#0;&amp#11;deleteByIds&amp#1;&amp#0;&amp#5;([I)I&amp#1;&amp#0;&amp#3;ids&amp#1;&amp#0;&amp#7;findAll&amp#1;&amp#0;&amp#18;()Ljava/util/List;&amp#1;&amp#0;.()Ljava/util/List<Lcom/example/pojo/Teacher;>;&amp#1;&amp#0;
Find JAR URL: file:/Users/caspian/mybatis/day05/target/classes/com/example/mapper/TeacherMapper.xml
Not a JAR: file:/Users/caspian/mybatis/day05/target/classes/com/example/mapper/TeacherMapper.xml
Reader entry: <?xml version="1.0" encoding="UTF-8" ?>
Checking to see if class com.example.mapper.TeacherMapper matches criteria [is assignable to Object]
===== 5. 动态删除 id 数组 [3, 5] 的员工 =====
--- 删除前 ---
Opening JDBC Connection
Created connection 1345401730.
==>  Preparing: SELECT id, name, addr, age, job, sal FROM teacher
==> Parameters: 
<==    Columns: id, name, addr, age, job, sal
<==        Row: 1, 张三, 江苏省南京市, 35, 区域总监, 20000
<==        Row: 2, 李四, 江苏省苏州市, 32, 销售经理, 15000
<==        Row: 3, 王五, 四川省成都市, 26, 销售经理, 12000
<==        Row: 4, 赵六, 吉林省长春市, 27, 财务, 10000
<==        Row: 5, 刘七, 吉林省吉林市, 24, 销售员, 6000
<==        Row: 6, 吴八, 陕西省西安市, 31, 销售员, 7000
<==      Total: 6
ID    姓名       地址              年龄    职务         工资      
----------------------------------------------------------
1     张三       江苏省南京市          35    区域总监       20000   
2     李四       江苏省苏州市          32    销售经理       15000   
3     王五       四川省成都市          26    销售经理       12000   
4     赵六       吉林省长春市          27    财务         10000   
5     刘七       吉林省吉林市          24    销售员        6000    
6     吴八       陕西省西安市          31    销售员        7000    
共 6 条记录

==>  Preparing: DELETE FROM teacher WHERE id IN ( ? , ? )
==> Parameters: 3(Integer), 5(Integer)
<==    Updates: 2
受影响行数：2
--- 删除后 ---
==>  Preparing: SELECT id, name, addr, age, job, sal FROM teacher
==> Parameters: 
<==    Columns: id, name, addr, age, job, sal
<==        Row: 1, 张三, 江苏省南京市, 35, 区域总监, 20000
<==        Row: 2, 李四, 江苏省苏州市, 32, 销售经理, 15000
<==        Row: 4, 赵六, 吉林省长春市, 27, 财务, 10000
<==        Row: 6, 吴八, 陕西省西安市, 31, 销售员, 7000
<==      Total: 4
ID    姓名       地址              年龄    职务         工资      
----------------------------------------------------------
1     张三       江苏省南京市          35    区域总监       20000   
2     李四       江苏省苏州市          32    销售经理       15000   
4     赵六       吉林省长春市          27    财务         10000   
6     吴八       陕西省西安市          31    销售员        7000    
共 4 条记录

Closing JDBC Connection [com.mysql.cj.jdbc.ConnectionImpl@50313382]
Returned connection 1345401730 to pool.
]]></system-out>
  </testcase>
</testsuite>