<?xml version="1.0" encoding="UTF-8"?>
<testsuite xmlns:xsi="http://www.w3.org/2001/XMLSchema-instance" xsi:noNamespaceSchemaLocation="https://maven.apache.org/surefire/maven-surefire-plugin/xsd/surefire-test-report.xsd" version="3.0.2" name="com.example.TeacherTest" time="0.212" tests="1" errors="0" skipped="0" failures="0">
  <properties>
[...]
</properties>
  <testcase name="testDeleteByAge" classname="com.example.TeacherTest" time="0.197">
    <system-out><![CDATA[Logging initialized using 'class org.apache.ibatis.logging.stdout.StdOutImpl' adapter.
Class not found: org.jboss.vfs.VFS
JBoss 6 VFS API is not available in this environment.
Class not found: org.jboss.vfs.VirtualFile
VFS implementation org.apache.ibatis.io.JBoss6VFS is not valid in this environment.
Using VFS adapter org.apache.ibatis.io.DefaultVFS
Find JAR URL: file:/Users/caspian/mybatis/day03/target/classes/com/example/pojo
Not a JAR: file:/Users/caspian/mybatis/day03/target/classes/com/example/pojo
Reader entry: Teacher.class
Listing file:/Users/caspian/mybatis/day03/target/classes/com/example/pojo
Find JAR URL: file:/Users/caspian/mybatis/day03/target/classes/com/example/pojo/Teacher.class
Not a JAR: file:/Users/caspian/mybatis/day03/target/classes/com/example/pojo/Teacher.class
Reader entry: ����&amp#0;&amp#0;&amp#0;4&amp#0;Q
Checking to see if class com.example.pojo.Teacher matches criteria [is assignable to Object]
PooledDataSource forcefully closed/removed all connections.
PooledDataSource forcefully closed/removed all connections.
PooledDataSource forcefully closed/removed all connections.
PooledDataSource forcefully closed/removed all connections.
Opening JDBC Connection
Created connection 271095942.
==>  Preparing: DELETE FROM teacher WHERE age > ?
==> Parameters: 35(Integer)
<==    Updates: 0
===== 5. 删除年龄超过35岁的员工 =====
删除行数：0
==>  Preparing: SELECT id, name, addr, age, job, sal FROM teacher
==> Parameters: 
<==    Columns: id, name, addr, age, job, sal
<==        Row: 1, 张三, 江苏省南京市, 35, 区域总监, 20000
<==        Row: 2, 李四, 江苏省苏州市, 32, 销售经理, 15000
<==        Row: 3, 王五, 四川省成都市, 26, 销售员, 8000
<==        Row: 4, 赵六, 吉林省长春市, 27, 财务, 10000
<==        Row: 5, 刘七, 吉林省吉林市, 24, 销售员, 6000
<==        Row: 6, 吴八, 陕西省西安市, 31, 销售经理, 7000
<==      Total: 6

删除后剩余数据：
Teacher{id=1, name='张三', addr='江苏省南京市', age=35, job='区域总监', sal=20000}
Teacher{id=2, name='李四', addr='江苏省苏州市', age=32, job='销售经理', sal=15000}
Teacher{id=3, name='王五', addr='四川省成都市', age=26, job='销售员', sal=8000}
Teacher{id=4, name='赵六', addr='吉林省长春市', age=27, job='财务', sal=10000}
Teacher{id=5, name='刘七', addr='吉林省吉林市', age=24, job='销售员', sal=6000}
Teacher{id=6, name='吴八', addr='陕西省西安市', age=31, job='销售经理', sal=7000}
Closing JDBC Connection [com.mysql.cj.jdbc.ConnectionImpl@10289886]
Returned connection 271095942 to pool.
]]></system-out>
  </testcase>
</testsuite>