<?xml version="1.0" encoding="UTF-8"?>
<testsuite xmlns:xsi="http://www.w3.org/2001/XMLSchema-instance" xsi:noNamespaceSchemaLocation="https://maven.apache.org/surefire/maven-surefire-plugin/xsd/surefire-test-report.xsd" version="3.0.2" name="com.example.TeacherTest" time="0.212" tests="1" errors="0" skipped="0" failures="0">
  <properties>
[...]
</properties>
  <testcase name="testDeleteByAge" classname="com.example.TeacherTest" time="0.195">
    <system-out><![CDATA[Logging initialized using 'class org.apache.ibatis.logging.stdout.StdOutImpl' adapter.
Class not found: org.jboss.vfs.VFS
JBoss 6 VFS API is not available in this environment.
Class not found: org.jboss.vfs.VirtualFile
VFS implementation org.apache.ibatis.io.JBoss6VFS is not valid in this environment.
Using VFS adapter org.apache.ibatis.io.DefaultVFS
Find JAR URL: file:/Users/caspian/mybatis/day02/target/classes/com/example/pojo
Not a JAR: file:/Users/caspian/mybatis/day02/target/classes/com/example/pojo
Reader entry: Teacher.class
Listing file:/Users/caspian/mybatis/day02/target/classes/com/example/pojo
Find JAR URL: file:/Users/caspian/mybatis/day02/target/classes/com/example/pojo/Teacher.class
Not a JAR: file:/Users/caspian/mybatis/day02/target/classes/com/example/pojo/Teacher.class
Reader entry: ����&amp#0;&amp#0;&amp#0;4&amp#0;Q
Checking to see if class com.example.pojo.Teacher matches criteria [is assignable to Object]
PooledDataSource forcefully closed/removed all connections.
PooledDataSource forcefully closed/removed all connections.
PooledDataSource forcefully closed/removed all connections.
PooledDataSource forcefully closed/removed all connections.
Find JAR URL: file:/Users/caspian/mybatis/day02/target/classes/com/example/mapper
Not a JAR: file:/Users/caspian/mybatis/day02/target/classes/com/example/mapper
Reader entry: TeacherMapper.class
Reader entry: TeacherMapper.xml
Listing file:/Users/caspian/mybatis/day02/target/classes/com/example/mapper
Find JAR URL: file:/Users/caspian/mybatis/day02/target/classes/com/example/mapper/TeacherMapper.class
Not a JAR: file:/Users/caspian/mybatis/day02/target/classes/com/example/mapper/TeacherMapper.class
Reader entry: ����&amp#0;&amp#0;&amp#0;4&amp#0;&amp#18;&amp#7;&amp#0;&amp#2;&amp#1;&amp#0; com/example/mapper/TeacherMapper&amp#7;&amp#0;&amp#4;&amp#1;&amp#0;&amp#16;java/lang/Object&amp#1;&amp#0;&amp#6;insert&amp#1;&amp#0;&amp#29;(Lcom/example/pojo/Teacher;)I&amp#1;&amp#0;
Find JAR URL: file:/Users/caspian/mybatis/day02/target/classes/com/example/mapper/TeacherMapper.xml
Not a JAR: file:/Users/caspian/mybatis/day02/target/classes/com/example/mapper/TeacherMapper.xml
Reader entry: <?xml version="1.0" encoding="UTF-8" ?>
Checking to see if class com.example.mapper.TeacherMapper matches criteria [is assignable to Object]
Opening JDBC Connection
Created connection 892335322.
==>  Preparing: DELETE FROM teacher WHERE age > ?
==> Parameters: 35(Integer)
<==    Updates: 0
========== 删除年龄超过35岁的员工 ==========
删除行数：0
Closing JDBC Connection [com.mysql.cj.jdbc.ConnectionImpl@352ff4da]
Returned connection 892335322 to pool.
]]></system-out>
  </testcase>
</testsuite>