<?xml version="1.0" encoding="UTF-8"?>
<testsuite xmlns:xsi="http://www.w3.org/2001/XMLSchema-instance" xsi:noNamespaceSchemaLocation="https://maven.apache.org/surefire/maven-surefire-plugin/xsd/surefire-test-report.xsd" version="3.0.2" name="com.example.TeacherTest" time="0.221" tests="1" errors="0" skipped="0" failures="0">
  <properties>
[...]
</properties>
  <testcase name="testDeleteById" classname="com.example.TeacherTest" time="0.204">
    <system-out><![CDATA[Logging initialized using 'class org.apache.ibatis.logging.stdout.StdOutImpl' adapter.
Class not found: org.jboss.vfs.VFS
JBoss 6 VFS API is not available in this environment.
Class not found: org.jboss.vfs.VirtualFile
VFS implementation org.apache.ibatis.io.JBoss6VFS is not valid in this environment.
Using VFS adapter org.apache.ibatis.io.DefaultVFS
Find JAR URL: file:/Users/caspian/mybatis/day04/target/classes/com/example/pojo
Not a JAR: file:/Users/caspian/mybatis/day04/target/classes/com/example/pojo
Reader entry: Teacher.class
Listing file:/Users/caspian/mybatis/day04/target/classes/com/example/pojo
Find JAR URL: file:/Users/caspian/mybatis/day04/target/classes/com/example/pojo/Teacher.class
Not a JAR: file:/Users/caspian/mybatis/day04/target/classes/com/example/pojo/Teacher.class
Reader entry: ����&amp#0;&amp#0;&amp#0;4&amp#0;Q
Checking to see if class com.example.pojo.Teacher matches criteria [is assignable to Object]
PooledDataSource forcefully closed/removed all connections.
PooledDataSource forcefully closed/removed all connections.
PooledDataSource forcefully closed/removed all connections.
PooledDataSource forcefully closed/removed all connections.
===== 删 - 删除前全部数据 =====
Opening JDBC Connection
Created connection 1106681476.
==>  Preparing: SELECT id, name, addr, age, job, sal FROM teacher
==> Parameters: 
<==    Columns: id, name, addr, age, job, sal
<==        Row: 1, 张三, 北京市海淀区, 36, 教授, 21000
<==        Row: 2, 李四, 上海市浦东新区, 42, 副教授, 12000
<==        Row: 3, 王五, 广州市天河区, 28, 讲师, 8000
<==        Row: 4, 钱十一, 天津市南开区, 40, 副教授, 16000
<==      Total: 4
ID    姓名       地址              年龄    职务         工资      
----------------------------------------------------------
1     张三       北京市海淀区          36    教授         21000   
2     李四       上海市浦东新区         42    副教授        12000   
3     王五       广州市天河区          28    讲师         8000    
4     钱十一      天津市南开区          40    副教授        16000   
共 4 条记录

==>  Preparing: DELETE FROM teacher WHERE id = ?
==> Parameters: 1(Integer)
<==    Updates: 1
===== 删 - 删除 ID=1 的教师 =====
受影响行数：1

===== 删 - 删除后全部数据 =====
==>  Preparing: SELECT id, name, addr, age, job, sal FROM teacher
==> Parameters: 
<==    Columns: id, name, addr, age, job, sal
<==        Row: 2, 李四, 上海市浦东新区, 42, 副教授, 12000
<==        Row: 3, 王五, 广州市天河区, 28, 讲师, 8000
<==        Row: 4, 钱十一, 天津市南开区, 40, 副教授, 16000
<==      Total: 3
ID    姓名       地址              年龄    职务         工资      
----------------------------------------------------------
2     李四       上海市浦东新区         42    副教授        12000   
3     王五       广州市天河区          28    讲师         8000    
4     钱十一      天津市南开区          40    副教授        16000   
共 3 条记录

Closing JDBC Connection [com.mysql.cj.jdbc.ConnectionImpl@41f69e84]
Returned connection 1106681476 to pool.
]]></system-out>
  </testcase>
</testsuite>