<?xml version="1.0" encoding="UTF-8"?>
<testsuite xmlns:xsi="http://www.w3.org/2001/XMLSchema-instance" xsi:noNamespaceSchemaLocation="https://maven.apache.org/surefire/maven-surefire-plugin/xsd/surefire-test-report.xsd" version="3.0.2" name="com.example.UserMapperTest" time="0.234" tests="1" errors="0" skipped="0" failures="0">
  <properties>
[...]
</properties>
  <testcase name="testFullLoginFlow" classname="com.example.UserMapperTest" time="0.217">
    <system-out><![CDATA[Logging initialized using 'class org.apache.ibatis.logging.stdout.StdOutImpl' adapter.
Class not found: org.jboss.vfs.VFS
JBoss 6 VFS API is not available in this environment.
Class not found: org.jboss.vfs.VirtualFile
VFS implementation org.apache.ibatis.io.JBoss6VFS is not valid in this environment.
Using VFS adapter org.apache.ibatis.io.DefaultVFS
Find JAR URL: file:/Users/caspian/mybatis/day06/target/classes/com/example/pojo
Not a JAR: file:/Users/caspian/mybatis/day06/target/classes/com/example/pojo
Reader entry: Permision.class
Reader entry: Role.class
Reader entry: User.class
Listing file:/Users/caspian/mybatis/day06/target/classes/com/example/pojo
Find JAR URL: file:/Users/caspian/mybatis/day06/target/classes/com/example/pojo/Permision.class
Not a JAR: file:/Users/caspian/mybatis/day06/target/classes/com/example/pojo/Permision.class
Reader entry: ����&amp#0;&amp#0;&amp#0;4&amp#0;:
Find JAR URL: file:/Users/caspian/mybatis/day06/target/classes/com/example/pojo/Role.class
Not a JAR: file:/Users/caspian/mybatis/day06/target/classes/com/example/pojo/Role.class
Reader entry: ����&amp#0;&amp#0;&amp#0;4&amp#0;3
Find JAR URL: file:/Users/caspian/mybatis/day06/target/classes/com/example/pojo/User.class
Not a JAR: file:/Users/caspian/mybatis/day06/target/classes/com/example/pojo/User.class
Reader entry: ����&amp#0;&amp#0;&amp#0;4&amp#0;E
Checking to see if class com.example.pojo.Permision matches criteria [is assignable to Object]
Checking to see if class com.example.pojo.Role matches criteria [is assignable to Object]
Checking to see if class com.example.pojo.User matches criteria [is assignable to Object]
PooledDataSource forcefully closed/removed all connections.
PooledDataSource forcefully closed/removed all connections.
PooledDataSource forcefully closed/removed all connections.
PooledDataSource forcefully closed/removed all connections.
Find JAR URL: file:/Users/caspian/mybatis/day06/target/classes/com/example/mapper
Not a JAR: file:/Users/caspian/mybatis/day06/target/classes/com/example/mapper
Reader entry: UserMapper.class
Reader entry: UserMapper.xml
Listing file:/Users/caspian/mybatis/day06/target/classes/com/example/mapper
Find JAR URL: file:/Users/caspian/mybatis/day06/target/classes/com/example/mapper/UserMapper.class
Not a JAR: file:/Users/caspian/mybatis/day06/target/classes/com/example/mapper/UserMapper.class
Reader entry: ����&amp#0;&amp#0;&amp#0;4&amp#0;&amp#24;&amp#7;&amp#0;&amp#2;&amp#1;&amp#0;&amp#29;com/example/mapper/UserMapper&amp#7;&amp#0;&amp#4;&amp#1;&amp#0;&amp#16;java/lang/Object&amp#1;&amp#0;&amp#17;findByUnameAndPwd&amp#1;&amp#0;=(Ljava/lang/String;Ljava/lang/String;)Lcom/example/pojo/User;&amp#1;&amp#0;"RuntimeVisibleParameterAnnotations&amp#1;&amp#0;%Lorg/apache/ibatis/annotations/Param;&amp#1;&amp#0;&amp#5;value&amp#1;&amp#0;&amp#5;uname&amp#1;&amp#0;&amp#3;pwd&amp#1;&amp#0;&amp#14;findRolesByUid&amp#1;&amp#0;&amp#19;(I)Ljava/util/List;&amp#1;&amp#0;	Signature&amp#1;&amp#0;,(I)Ljava/util/List<Lcom/example/pojo/Role;>;&amp#1;&amp#0;&amp#3;uid&amp#1;&amp#0;&amp#19;findPermisionsByUid&amp#1;&amp#0;1(I)Ljava/util/List<Lcom/example/pojo/Permision;>;&amp#1;&amp#0;&amp#14;updateLasttime&amp#1;&amp#0;&amp#20;(ILjava/util/Date;)I&amp#1;&amp#0;&amp#8;lasttime&amp#1;&amp#0;
Find JAR URL: file:/Users/caspian/mybatis/day06/target/classes/com/example/mapper/UserMapper.xml
Not a JAR: file:/Users/caspian/mybatis/day06/target/classes/com/example/mapper/UserMapper.xml
Reader entry: <?xml version="1.0" encoding="UTF-8" ?>
Checking to see if class com.example.mapper.UserMapper matches criteria [is assignable to Object]
Opening JDBC Connection
Created connection 1305935114.
==>  Preparing: SELECT uid, uname, pwd, lasttime FROM users WHERE uname = ? AND pwd = ?
==> Parameters: 李四(String), 222222(String)
<==    Columns: uid, uname, pwd, lasttime
<==        Row: 2, 李四, 222222, null
<==      Total: 1
==>  Preparing: SELECT r.rid, r.rname FROM role r INNER JOIN users_role ur ON r.rid = ur.rid WHERE ur.uid = ?
==> Parameters: 2(Integer)
<==    Columns: rid, rname
<==        Row: 2, 操作员
<==      Total: 1
==>  Preparing: SELECT DISTINCT p.pid, p.pname, p.url FROM permision p INNER JOIN role_permision rp ON p.pid = rp.pid INNER JOIN users_role ur ON rp.rid = ur.rid WHERE ur.uid = ?
==> Parameters: 2(Integer)
<==    Columns: pid, pname, url
<==        Row: 2, 业务管理, ServiceAction
<==        Row: 6, 租车业务, LeaseAction
<==      Total: 2
===== 模拟李四登录 =====
登录成功！欢迎 李四

李四 是：操作员

可操作菜单：
<a href='ServiceAction'>业务管理</a>
<a href='LeaseAction'>租车业务</a>
==>  Preparing: UPDATE users SET lasttime = ? WHERE uid = ?
==> Parameters: 2026-07-31 17:31:44.456(Timestamp), 2(Integer)
<==    Updates: 1

最后访问时间已更新
Closing JDBC Connection [com.mysql.cj.jdbc.ConnectionImpl@4dd6fd0a]
Returned connection 1305935114 to pool.
]]></system-out>
  </testcase>
</testsuite>